SETLWC  711.3   10.3    3.000   0.85    0.85    212.0   29 June                 
 SETLWC: 711.3   10.3    3.000   0.85    0.85    212.0   29 June                 
 CLOUD BASE CONDITIONS: P= 711.3 T= 283.5 ThetaE= 346.8 Mixing ratio=  11.2 Theta= 312.5

 ADIABLWC: CLOUD BASE P,T,EPOT,Q,Z=   711.3    10.3   346.8    11.2   3.000

  NC   N    Palt    Pres T_Cloud  MixRat    Conc     LWC     DBZ     DIA
   1   1   3.000  711.30   10.30   11.15  212.00    0.00  -80.00    1.90  346.83    0.00
   1   2   3.023  709.30   10.19   11.10  211.50    0.04  -44.89    7.31  346.83    0.04
   1   3   3.047  707.30   10.08   11.05  211.01    0.09  -38.89    9.22  346.83    0.09
   1   4   3.071  705.30    9.98   11.00  210.51    0.13  -35.37   10.55  346.83    0.13
   1   5   3.094  703.30    9.87   10.95  210.01    0.17  -32.88   11.62  346.83    0.17
   1   6   3.118  701.30    9.76   10.90  209.51    0.22  -30.94   12.52  346.83    0.22
   1   7   3.142  699.30    9.65   10.85  209.02    0.26  -29.36   13.30  346.83    0.26
   1   8   3.166  697.30    9.54   10.80  208.52    0.30  -28.03   14.00  346.83    0.30
   1   9   3.189  695.30    9.43   10.75  208.02    0.34  -26.88   14.65  346.83    0.34
   1  10   3.213  693.30    9.32   10.70  207.52    0.38  -25.86   15.23  346.83    0.38
   1  11   3.237  691.30    9.20   10.65  207.03    0.43  -24.95   15.78  346.83    0.43
   1  12   3.261  689.30    9.09   10.60  206.53    0.47  -24.13   16.29  346.83    0.47
   1  13   3.286  687.30    8.98   10.55  206.03    0.51  -23.38   16.77  346.83    0.51
   1  14   3.310  685.30    8.87   10.50  205.53    0.55  -22.69   17.23  346.83    0.55
   1  15   3.334  683.30    8.75   10.45  205.04    0.59  -22.06   17.66  346.83    0.59
   1  16   3.358  681.30    8.64   10.40  204.54    0.63  -21.47   18.08  346.83    0.63
   1  17   3.383  679.30    8.53   10.35  204.04    0.67  -20.91   18.47  346.83    0.67
   1  18   3.407  677.30    8.41   10.30  203.54    0.71  -20.39   18.85  346.83    0.71
   1  19   3.432  675.30    8.30   10.25  203.04    0.75  -19.90   19.22  346.83    0.75
   1  20   3.456  673.30    8.18   10.20  202.55    0.80  -19.44   19.57  346.83    0.80
   1  21   3.481  671.30    8.07   10.15  202.05    0.84  -19.00   19.91  346.83    0.84
   1  22   3.505  669.30    7.95   10.10  201.55    0.88  -18.58   20.24  346.83    0.88
   1  23   3.530  667.30    7.83   10.05  201.05    0.92  -18.18   20.56  346.83    0.92
   1  24   3.555  665.30    7.72    9.99  200.55    0.95  -17.80   20.87  346.83    0.95
   1  25   3.580  663.30    7.60    9.94  200.06    0.99  -17.44   21.17  346.83    0.99
   1  26   3.605  661.30    7.48    9.89  199.56    1.03  -17.10   21.47  346.83    1.03
   1  27   3.630  659.30    7.36    9.84  199.06    1.07  -16.76   21.75  346.83    1.07
   1  28   3.655  657.30    7.24    9.79  198.56    1.11  -16.44   22.03  346.83    1.11
   1  29   3.680  655.30    7.12    9.74  198.06    1.15  -16.13   22.30  346.83    1.15
   1  30   3.705  653.30    7.00    9.69  197.57    1.19  -15.83   22.57  346.83    1.19
   1  31   3.730  651.30    6.88    9.64  197.07    1.23  -15.55   22.83  346.83    1.23
   1  32   3.756  649.30    6.76    9.59  196.57    1.27  -15.27   23.08  346.83    1.27
   1  33   3.781  647.30    6.64    9.53  196.07    1.30  -15.00   23.33  346.83    1.30
   1  34   3.807  645.30    6.52    9.48  195.57    1.34  -14.74   23.57  346.83    1.34
   1  35   3.832  643.30    6.39    9.43  195.07    1.38  -14.49   23.81  346.83    1.38
   1  36   3.858  641.30    6.27    9.38  194.58    1.42  -14.25   24.05  346.83    1.42
   1  37   3.883  639.30    6.15    9.33  194.08    1.45  -14.01   24.28  346.83    1.45
   1  38   3.909  637.30    6.02    9.28  193.58    1.49  -13.78   24.50  346.83    1.49
   1  39   3.935  635.30    5.90    9.22  193.08    1.53  -13.55   24.72  346.83    1.53
   1  40   3.961  633.30    5.77    9.17  192.58    1.56  -13.34   24.94  346.83    1.56
   1  41   3.987  631.30    5.65    9.12  192.08    1.60  -13.12   25.16  346.83    1.60
   1  42   4.013  629.30    5.52    9.07  191.58    1.64  -12.92   25.37  346.83    1.64
   1  43   4.039  627.30    5.39    9.02  191.08    1.67  -12.72   25.58  346.83    1.67
   1  44   4.065  625.30    5.26    8.97  190.59    1.71  -12.52   25.78  346.83    1.71
   1  45   4.091  623.30    5.14    8.91  190.09    1.75  -12.33   25.98  346.83    1.75
   1  46   4.117  621.30    5.01    8.86  189.59    1.78  -12.14   26.18  346.83    1.78
   1  47   4.144  619.30    4.88    8.81  189.09    1.82  -11.96   26.38  346.83    1.82
   1  48   4.170  617.30    4.75    8.76  188.59    1.85  -11.78   26.57  346.83    1.85
   1  49   4.197  615.30    4.62    8.71  188.09    1.89  -11.61   26.76  346.83    1.89
   1  50   4.223  613.30    4.49    8.65  187.59    1.92  -11.44   26.95  346.83    1.92
   1  51   4.250  611.30    4.36    8.60  187.09    1.96  -11.27   27.13  346.83    1.96
   1  52   4.277  609.30    4.22    8.55  186.59    1.99  -11.10   27.32  346.83    1.99
   1  53   4.303  607.30    4.09    8.50  186.09    2.03  -10.94   27.50  346.83    2.03
   1  54   4.330  605.30    3.96    8.44  185.59    2.06  -10.79   27.68  346.83    2.06
   1  55   4.357  603.30    3.82    8.39  185.09    2.09  -10.63   27.85  346.83    2.09
   1  56   4.384  601.30    3.69    8.34  184.59    2.13  -10.48   28.03  346.83    2.13
   1  57   4.411  599.30    3.55    8.29  184.10    2.16  -10.34   28.20  346.83    2.16
   1  58   4.439  597.30    3.42    8.23  183.60    2.19  -10.19   28.37  346.83    2.19
   1  59   4.466  595.30    3.28    8.18  183.10    2.23  -10.05   28.54  346.83    2.23
   1  60   4.493  593.30    3.14    8.13  182.60    2.26   -9.91   28.70  346.83    2.26
   1  61   4.521  591.30    3.00    8.08  182.10    2.29   -9.77   28.87  346.83    2.29
   1  62   4.548  589.30    2.87    8.02  181.60    2.33   -9.64   29.03  346.83    2.33
   1  63   4.576  587.30    2.73    7.97  181.10    2.36   -9.51   29.19  346.83    2.36
   1  64   4.603  585.30    2.59    7.92  180.60    2.39   -9.38   29.35  346.83    2.39
   1  65   4.631  583.30    2.45    7.87  180.10    2.42   -9.25   29.51  346.83    2.42
   1  66   4.659  581.30    2.30    7.81  179.60    2.45   -9.12   29.66  346.83    2.45
   1  67   4.687  579.30    2.16    7.76  179.10    2.49   -9.00   29.82  346.83    2.49
   1  68   4.715  577.30    2.02    7.71  178.60    2.52   -8.88   29.97  346.83    2.52
   1  69   4.743  575.30    1.88    7.65  178.10    2.55   -8.76   30.12  346.83    2.55
   1  70   4.771  573.30    1.73    7.60  177.60    2.58   -8.64   30.27  346.83    2.58
   1  71   4.799  571.30    1.59    7.55  177.09    2.61   -8.53   30.42  346.83    2.61
   1  72   4.827  569.30    1.44    7.50  176.59    2.64   -8.42   30.56  346.83    2.64
   1  73   4.856  567.30    1.30    7.44  176.09    2.67   -8.31   30.71  346.83    2.67
   1  74   4.884  565.30    1.15    7.39  175.59    2.70   -8.20   30.86  346.83    2.70
   1  75   4.913  563.30    1.00    7.34  175.09    2.73   -8.09   31.00  346.83    2.73
   1  76   4.941  561.30    0.85    7.28  174.59    2.76   -7.98   31.14  346.83    2.76
   1  77   4.970  559.30    0.70    7.23  174.09    2.79   -7.88   31.28  346.83    2.79
   1  78   4.999  557.30    0.55    7.18  173.59    2.82   -7.77   31.42  346.83    2.82
   1  79   5.028  555.30    0.40    7.12  173.09    2.85   -7.67   31.56  346.83    2.85
   1  80   5.057  553.30    0.25    7.07  172.59    2.88   -7.57   31.69  346.83    2.88
   1  81   5.086  551.30    0.10    7.02  172.09    2.91   -7.47   31.83  346.83    2.91
   1  82   5.115  549.30   -0.06    6.97  171.59    2.93   -7.38   31.96  346.83    2.93
   1  83   5.144  547.30   -0.21    6.91  171.09    2.96   -7.28   32.10  346.83    2.96
   1  84   5.174  545.30   -0.37    6.86  170.58    2.99   -7.19   32.23  346.83    2.99
   1  85   5.203  543.30   -0.52    6.81  170.08    3.02   -7.09   32.36  346.83    3.02
   1  86   5.233  541.30   -0.68    6.75  169.58    3.04   -7.00   32.49  346.83    3.04
   1  87   5.262  539.30   -0.84    6.70  169.08    3.07   -6.91   32.62  346.83    3.07
   1  88   5.292  537.30   -0.99    6.65  168.58    3.10   -6.82   32.74  346.83    3.10
   1  89   5.322  535.30   -1.15    6.59  168.08    3.13   -6.74   32.87  346.83    3.13
   1  90   5.352  533.30   -1.31    6.54  167.58    3.15   -6.65   33.00  346.83    3.15
   1  91   5.382  531.30   -1.47    6.49  167.07    3.18   -6.56   33.12  346.83    3.18
   1  92   5.412  529.30   -1.64    6.43  166.57    3.20   -6.48   33.25  346.83    3.21
   1  93   5.442  527.30   -1.80    6.38  166.07    3.23   -6.40   33.37  346.83    3.23
   1  94   5.472  525.30   -1.96    6.33  165.57    3.26   -6.32   33.49  346.83    3.26
   1  95   5.502  523.30   -2.13    6.27  165.07    3.28   -6.23   33.61  346.83    3.28
   1  96   5.533  521.30   -2.29    6.22  164.56    3.31   -6.15   33.73  346.83    3.31
   1  97   5.563  519.30   -2.46    6.17  164.06    3.33   -6.08   33.85  346.83    3.33
   1  98   5.594  517.30   -2.63    6.11  163.56    3.36   -6.00   33.97  346.83    3.36
   1  99   5.625  515.30   -2.79    6.06  163.06    3.38   -5.92   34.09  346.83    3.38
   1 100   5.656  513.30   -2.96    6.01  162.55    3.41   -5.85   34.20  346.83    3.41
   1 101   5.687  511.30   -3.14    5.95  162.05    3.43   -5.77   34.32  346.83    3.43
   1 102   5.718  509.30   -3.31    5.90  161.55    3.45   -5.70   34.43  346.83    3.45
   1 103   5.749  507.30   -3.48    5.85  161.05    3.48   -5.63   34.55  346.83    3.48
   1 104   5.780  505.30   -3.65    5.79  160.54    3.50   -5.55   34.66  346.83    3.50
   1 105   5.812  503.30   -3.83    5.74  160.04    3.52   -5.48   34.77  346.83    3.52
   1 106   5.843  501.30   -4.00    5.69  159.54    3.55   -5.41   34.88  346.83    3.55
   1 107   5.875  499.30   -4.18    5.63  159.04    3.57   -5.35   34.99  346.83    3.57
   1 108   5.906  497.30   -4.36    5.58  158.53    3.59   -5.28   35.10  346.83    3.59
   1 109   5.938  495.30   -4.53    5.53  158.03    3.61   -5.21   35.21  346.83    3.61
   1 110   5.970  493.30   -4.71    5.47  157.53    3.63   -5.15   35.32  346.83    3.63
   1 111   6.002  491.30   -4.90    5.42  157.02    3.66   -5.08   35.43  346.83    3.66
   1 112   6.034  489.30   -5.08    5.37  156.52    3.68   -5.02   35.53  346.83    3.68
   1 113   6.066  487.30   -5.26    5.32  156.02    3.70   -4.95   35.64  346.83    3.70
   1 114   6.099  485.30   -5.44    5.26  155.51    3.72   -4.89   35.75  346.83    3.72
   1 115   6.131  483.30   -5.63    5.21  155.01    3.74   -4.83   35.85  346.83    3.74
   1 116   6.164  481.30   -5.82    5.16  154.51    3.76   -4.77   35.95  346.83    3.76
   1 117   6.196  479.30   -6.00    5.10  154.00    3.78   -4.71   36.06  346.83    3.78
   1 118   6.229  477.30   -6.19    5.05  153.50    3.80   -4.65   36.16  346.83    3.80
   1 119   6.262  475.30   -6.38    5.00  152.99    3.82   -4.59   36.26  346.83    3.82
   1 120   6.295  473.30   -6.58    4.95  152.49    3.84   -4.53   36.36  346.83    3.84
   1 121   6.328  471.30   -6.77    4.89  151.99    3.86   -4.47   36.46  346.83    3.86
   1 122   6.361  469.30   -6.96    4.84  151.48    3.88   -4.42   36.56  346.83    3.88
   1 123   6.395  467.30   -7.16    4.79  150.98    3.89   -4.36   36.66  346.83    3.89
   1 124   6.428  465.30   -7.35    4.74  150.47    3.91   -4.31   36.76  346.83    3.91
   1 125   6.462  463.30   -7.55    4.68  149.97    3.93   -4.25   36.85  346.83    3.93
   1 126   6.495  461.30   -7.75    4.63  149.46    3.95   -4.20   36.95  346.83    3.95
   1 127   6.529  459.30   -7.95    4.58  148.96    3.97   -4.14   37.05  346.83    3.97
   1 128   6.563  457.30   -8.15    4.53  148.45    3.98   -4.09   37.14  346.83    3.98
   1 129   6.597  455.30   -8.36    4.47  147.95    4.00   -4.04   37.24  346.83    4.00
   1 130   6.631  453.30   -8.56    4.42  147.44    4.02   -3.99   37.33  346.83    4.02
   1 131   6.666  451.30   -8.77    4.37  146.94    4.03   -3.94   37.42  346.83    4.03
   1 132   6.700  449.30   -8.97    4.32  146.43    4.05   -3.89   37.51  346.83    4.05
   1 133   6.735  447.30   -9.18    4.27  145.93    4.06   -3.84   37.61  346.83    4.06
   1 134   6.769  445.30   -9.39    4.22  145.42    4.08   -3.79   37.70  346.83    4.08
   1 135   6.804  443.30   -9.60    4.16  144.92    4.09   -3.75   37.79  346.83    4.09
   1 136   6.839  441.30   -9.82    4.11  144.41    4.11   -3.70   37.88  346.83    4.11
   1 137   6.874  439.30  -10.03    4.06  143.91    4.12   -3.65   37.97  346.83    4.12
   1 138   6.909  437.30  -10.25    4.01  143.40    4.14   -3.61   38.06  346.83    4.14
   1 139   6.945  435.30  -10.47    3.96  142.90    4.15   -3.56   38.14  346.83    4.15
   1 140   6.980  433.30  -10.69    3.91  142.39    4.17   -3.52   38.23  346.83    4.17
   1 141   7.016  431.30  -10.91    3.86  141.88    4.18   -3.48   38.32  346.83    4.18
   1 142   7.052  429.30  -11.13    3.81  141.38    4.19   -3.43   38.40  346.83    4.19
   1 143   7.087  427.30  -11.35    3.76  140.87    4.21   -3.39   38.49  346.83    4.21
   1 144   7.123  425.30  -11.58    3.71  140.37    4.22   -3.35   38.57  346.83    4.22
   1 145   7.160  423.30  -11.81    3.66  139.86    4.23   -3.31   38.66  346.83    4.23
   1 146   7.196  421.30  -12.04    3.60  139.35    4.24   -3.27   38.74  346.83    4.24
   1 147   7.232  419.30  -12.27    3.55  138.85    4.25   -3.23   38.82  346.83    4.25
   1 148   7.269  417.30  -12.50    3.50  138.34    4.26   -3.19   38.90  346.83    4.26
   1 149   7.306  415.30  -12.73    3.46  137.83    4.28   -3.15   38.98  346.83    4.28
   1 150   7.342  413.30  -12.97    3.41  137.32    4.29   -3.12   39.06  346.83    4.29
   1 151   7.379  411.30  -13.21    3.36  136.82    4.30   -3.08   39.14  346.83    4.30
   1 152   7.417  409.30  -13.45    3.31  136.31    4.31   -3.04   39.22  346.83    4.31
   1 153   7.454  407.30  -13.69    3.26  135.80    4.32   -3.01   39.30  346.83    4.32
   1 154   7.491  405.30  -13.93    3.21  135.30    4.33   -2.97   39.38  346.83    4.33
   1 155   7.529  403.30  -14.18    3.16  134.79    4.34   -2.94   39.46  346.83    4.34
   1 156   7.567  401.30  -14.42    3.11  134.28    4.34   -2.90   39.53  346.83    4.34
   1 157   7.604  399.30  -14.67    3.06  133.77    4.35   -2.87   39.61  346.83    4.35
   1 158   7.642  397.30  -14.93    3.01  133.26    4.36   -2.84   39.69  346.83    4.36
   1 159   7.681  395.30  -15.18    2.97  132.76    4.37   -2.80   39.76  346.83    4.37
   1 160   7.719  393.30  -15.43    2.92  132.25    4.38   -2.77   39.83  346.83    4.38
   1 161   7.758  391.30  -15.69    2.87  131.74    4.38   -2.74   39.91  346.83    4.38
   1 162   7.796  389.30  -15.95    2.82  131.23    4.39   -2.71   39.98  346.83    4.39
   1 163   7.835  387.30  -16.21    2.78  130.72    4.40   -2.68   40.05  346.83    4.40
   1 164   7.874  385.30  -16.48    2.73  130.21    4.40   -2.65   40.12  346.83    4.40
   1 165   7.913  383.30  -16.74    2.68  129.71    4.41   -2.62   40.19  346.83    4.41
   1 166   7.952  381.30  -17.01    2.64  129.20    4.42   -2.59   40.26  346.83    4.42
   1 167   7.992  379.30  -17.28    2.59  128.69    4.42   -2.57   40.33  346.83    4.42
   1 168   8.032  377.30  -17.55    2.55  128.18    4.43   -2.54   40.40  346.83    4.43
   1 169   8.071  375.30  -17.82    2.50  127.67    4.43   -2.51   40.47  346.83    4.43
   1 170   8.111  373.30  -18.10    2.45  127.16    4.43   -2.49   40.53  346.83    4.43
   1 171   8.151  371.30  -18.38    2.41  126.65    4.44   -2.46   40.60  346.83    4.44
   1 172   8.192  369.30  -18.66    2.36  126.14    4.44   -2.44   40.67  346.83    4.44
   1 173   8.232  367.30  -18.95    2.32  125.63    4.45   -2.41   40.73  346.83    4.45
   1 174   8.273  365.30  -19.23    2.28  125.12    4.45   -2.39   40.80  346.83    4.45
   1 175   8.314  363.30  -19.52    2.23  124.61    4.45   -2.37   40.86  346.83    4.45
   1 176   8.355  361.30  -19.81    2.19  124.10    4.45   -2.34   40.92  346.83    4.45
   1 177   8.396  359.30  -20.11    2.14  123.59    4.46   -2.32   40.98  346.83    4.46
   1 178   8.437  357.30  -20.40    2.10  123.08    4.46   -2.30   41.05  346.83    4.46
   1 179   8.479  355.30  -20.70    2.06  122.57    4.46   -2.28   41.11  346.83    4.46
   1 180   8.521  353.30  -21.00    2.02  122.06    4.46   -2.26   41.17  346.83    4.46
   1 181   8.563  351.30  -21.31    1.97  121.55    4.46   -2.24   41.23  346.83    4.46
   1 182   8.605  349.30  -21.61    1.93  121.04    4.46   -2.22   41.28  346.83    4.46
   1 183   8.647  347.30  -21.92    1.89  120.53    4.46   -2.21   41.34  346.83    4.46
   1 184   8.690  345.30  -22.24    1.85  120.02    4.46   -2.19   41.40  346.83    4.46
   1 185   8.732  343.30  -22.55    1.81  119.51    4.46   -2.17   41.46  346.83    4.46
   1 186   8.775  341.30  -22.87    1.77  118.99    4.46   -2.15   41.51  346.83    4.46
   1 187   8.818  339.30  -23.19    1.73  118.48    4.46   -2.14   41.57  346.83    4.46
   1 188   8.861  337.30  -23.51    1.69  117.97    4.45   -2.12   41.62  346.83    4.45
   1 189   8.905  335.30  -23.84    1.65  117.46    4.45   -2.11   41.67  346.83    4.45
   1 190   8.949  333.30  -24.17    1.61  116.95    4.45   -2.10   41.73  346.83    4.45
   1 191   8.992  331.30  -24.50    1.57  116.44    4.45   -2.08   41.78  346.83    4.45
   1 192   9.037  329.30  -24.84    1.54  115.92    4.44   -2.07   41.83  346.83    4.44
   1 193   9.081  327.30  -25.17    1.50  115.41    4.44   -2.06   41.88  346.83    4.44
   1 194   9.125  325.30  -25.52    1.46  114.90    4.43   -2.05   41.93  346.83    4.43
   1 195   9.170  323.30  -25.86    1.42  114.39    4.43   -2.04   41.98  346.83    4.43
   1 196   9.215  321.30  -26.21    1.39  113.87    4.43   -2.03   42.02  346.83    4.43
   1 197   9.260  319.30  -26.56    1.35  113.36    4.42   -2.02   42.07  346.83    4.42
   1 198   9.306  317.30  -26.91    1.32  112.85    4.41   -2.01   42.12  346.83    4.41
   1 199   9.351  315.30  -27.27    1.28  112.33    4.41   -2.00   42.16  346.83    4.41
   1 200   9.397  313.30  -27.63    1.25  111.82    4.40   -1.99   42.21  346.83    4.40
   1 201   9.443  311.30  -27.99    1.21  111.31    4.40   -1.98   42.25  346.83    4.40
   1 202   9.489  309.30  -28.36    1.18  110.79    4.39   -1.98   42.29  346.83    4.39
   1 203   9.536  307.30  -28.73    1.15  110.28    4.38   -1.97   42.34  346.83    4.38
   1 204   9.582  305.30  -29.11    1.11  109.76    4.37   -1.97   42.38  346.83    4.37
   1 205   9.629  303.30  -29.48    1.08  109.25    4.37   -1.96   42.42  346.83    4.37
   1 206   9.677  301.30  -29.87    1.05  108.74    4.36   -1.96   42.46  346.83    4.36
   1 207   9.724  299.30  -30.25    1.02  108.22    4.35   -1.96   42.50  346.83    4.35
   1 208   9.772  297.30  -30.64    0.99  107.71    4.34   -1.95   42.54  346.83    4.34
   1 209   9.820  295.30  -31.03    0.96  107.19    4.33   -1.95   42.57  346.83    4.33
   1 210   9.868  293.30  -31.43    0.93  106.68    4.32   -1.95   42.61  346.83    4.32
   1 211   9.916  291.30  -31.83    0.90  106.16    4.31   -1.95   42.64  346.83    4.31
   1 212   9.965  289.30  -32.23    0.87  105.65    4.30   -1.95   42.68  346.83    4.30
   1 213  10.014  287.30  -32.64    0.84  105.13    4.29   -1.95   42.71  346.83    4.29
   1 214  10.063  285.30  -33.05    0.82  104.61    4.28   -1.95   42.75  346.83    4.28
   1 215  10.112  283.30  -33.46    0.79  104.10    4.27   -1.95   42.78  346.83    4.27
   1 216  10.162  281.30  -33.88    0.76  103.58    4.26   -1.95   42.81  346.83    4.26
   1 217  10.212  279.30  -34.30    0.74  103.07    4.24   -1.96   42.84  346.83    4.24
   1 218  10.262  277.30  -34.73    0.71  102.55    4.23   -1.96   42.87  346.83    4.23
   1 219  10.313  275.30  -35.16    0.69  102.03    4.22   -1.97   42.90  346.83    4.22
   1 220  10.364  273.30  -35.59    0.66  101.52    4.20   -1.97   42.93  346.83    4.20
   1 221  10.415  271.30  -36.03    0.64  101.00    4.19   -1.98   42.95  346.83    4.19
   1 222  10.466  269.30  -36.47    0.61  100.48    4.18   -1.98   42.98  346.83    4.18
   1 223  10.518  267.30  -36.92    0.59   99.96    4.16   -1.99   43.00  346.83    4.16
   1 224  10.570  265.30  -37.37    0.57   99.45    4.15   -2.00   43.03  346.83    4.15
   1 225  10.622  263.30  -37.82    0.55   98.93    4.13   -2.01   43.05  346.83    4.13
   1 226  10.674  261.30  -38.28    0.53   98.41    4.12   -2.02   43.08  346.83    4.12
   1 227  10.727  259.30  -38.75    0.50   97.89    4.10   -2.03   43.10  346.83    4.10
   1 228  10.780  257.30  -39.21    0.48   97.37    4.09   -2.04   43.12  346.83    4.09
   1 229  10.834  255.30  -39.69    0.46   96.86    4.07   -2.05   43.14  346.83    4.07
   1 230  10.887  253.30  -40.16    0.45   96.34    4.05   -2.06   43.16  346.83    4.06
   1 231  10.941  251.30  -40.64    0.43   95.82    4.04   -2.07   43.18  346.83    4.04
   1 232  10.996  249.30  -41.13    0.41   95.30    4.02   -2.08   43.19  346.83    4.02
   1 233  11.051  247.30  -41.62    0.39   94.78    4.00   -2.10   43.21  346.83    4.00
   1 234  11.106  245.30  -42.11    0.37   94.26    3.99   -2.11   43.23  346.83    3.99
   1 235  11.161  243.30  -42.61    0.36   93.74    3.97   -2.13   43.24  346.83    3.97
   1 236  11.217  241.30  -43.11    0.34   93.22    3.95   -2.14   43.26  346.83    3.95
   1 237  11.273  239.30  -43.62    0.33   92.70    3.93   -2.16   43.27  346.83    3.93
   1 238  11.329  237.30  -44.13    0.31   92.18    3.91   -2.18   43.28  346.83    3.91
   1 239  11.386  235.30  -44.65    0.30   91.65    3.89   -2.19   43.29  346.83    3.89
   1 240  11.443  233.30  -45.17    0.28   91.13    3.88   -2.21   43.31  346.83    3.88
   1 241  11.500  231.30  -45.70    0.27   90.61    3.86   -2.23   43.32  346.83    3.86
   1 242  11.558  229.30  -46.23    0.25   90.09    3.84   -2.25   43.32  346.83    3.84
   1 243  11.616  227.30  -46.76    0.24   89.57    3.82   -2.27   43.33  346.83    3.82
   1 244  11.675  225.30  -47.30    0.23   89.04    3.80   -2.29   43.34  346.83    3.80
   1 245  11.734  223.30  -47.85    0.22   88.52    3.78   -2.31   43.35  346.83    3.78
   1 246  11.793  221.30  -48.40    0.21   88.00    3.75   -2.33   43.35  346.83    3.75
   1 247  11.852  219.30  -48.95    0.19   87.47    3.73   -2.36   43.36  346.83    3.73
   1 248  11.913  217.30  -49.51    0.18   86.95    3.71   -2.38   43.36  346.83    3.71
   1 249  11.973  215.30  -50.08    0.17   86.43    3.69   -2.40   43.37  346.83    3.69
   1 250  12.034  213.30  -50.65    0.16   85.90    3.67   -2.43   43.37  346.83    3.67
   1 251  12.095  211.30  -51.22    0.15   85.38    3.65   -2.45   43.37  346.83    3.65
   1 252  12.157  209.30  -51.80    0.15   84.85    3.63   -2.48   43.37  346.83    3.63
   1 253  12.219  207.30  -52.39    0.14   84.32    3.60   -2.51   43.37  346.83    3.60
   1 254  12.282  205.30  -52.98    0.13   83.80    3.58   -2.53   43.37  346.83    3.58
   1 255  12.345  203.30  -53.57    0.12   83.27    3.56   -2.56   43.37  346.83    3.56
   1 256  12.408  201.30  -54.18    0.11   82.74    3.53   -2.59   43.37  346.83    3.53
   1 257  12.472  199.30  -54.78    0.11   82.22    3.51   -2.62   43.37  346.83    3.51
   1 258  12.537  197.30  -55.39    0.10   81.69    3.49   -2.65   43.37  346.83    3.49
   1 259  12.602  195.30  -56.01    0.09   81.16    3.46   -2.68   43.36  346.83    3.46
   1 260  12.667  193.30  -56.63    0.09   80.63    3.44   -2.71   43.36  346.83    3.44
   1 261  12.733  191.30  -57.26    0.08   80.10    3.42   -2.74   43.35  346.83    3.42
   1 262  12.799  189.30  -57.90    0.08   79.57    3.39   -2.78   43.35  346.83    3.39
   1 263  12.866  187.30  -58.54    0.07   79.04    3.37   -2.81   43.34  346.83    3.37
   1 264  12.933  185.30  -59.18    0.07   78.51    3.34   -2.84   43.33  346.83    3.34
   1 265  13.001  183.30  -59.83    0.06   77.98    3.32   -2.88   43.32  346.83    3.32
   1 266  13.070  181.30  -60.49    0.06   77.45    3.30   -2.91   43.31  346.83    3.30
   1 267  13.139  179.30  -61.15    0.05   76.92    3.27   -2.95   43.30  346.83    3.27
   1 268  13.208  177.30  -61.82    0.05   76.38    3.24   -2.99   43.29  346.83    3.25
   1 269  13.278  175.30  -62.50    0.05   75.85    3.22   -3.02   43.28  346.83    3.22
   1 270  13.349  173.30  -63.18    0.04   75.32    3.19   -3.06   43.27  346.83    3.19
   1 271  13.420  171.30  -63.87    0.04   74.78    3.17   -3.10   43.25  346.83    3.17
   1 272  13.492  169.30  -64.56    0.04   74.25    3.14   -3.14   43.24  346.83    3.14
   1 273  13.565  167.30  -65.26    0.03   73.71    3.12   -3.18   43.23  346.83    3.12
   1 274  13.638  165.30  -65.97    0.03   73.17    3.09   -3.22   43.21  346.83    3.09
   1 275  13.711  163.30  -66.68    0.03   72.63    3.07   -3.26   43.19  346.83    3.07
   1 276  13.786  161.30  -67.40    0.02   72.10    3.04   -3.31   43.18  346.83    3.04
   1 277  13.861  159.30  -68.13    0.02   71.56    3.01   -3.35   43.16  346.83    3.01
   1 278  13.937  157.30  -68.86    0.02   71.02    2.99   -3.39   43.14  346.83    2.99
   1 279  14.013  155.30  -69.61    0.02   70.48    2.96   -3.44   43.12  346.83    2.96
   1 280  14.090  153.30  -70.35    0.02   69.94    2.93   -3.48   43.10  346.83    2.93
   1 281  14.168  151.30  -71.11    0.02   69.39    2.91   -3.53   43.08  346.83    2.91
   1 282  14.247  149.30  -71.87    0.01   68.85    2.88   -3.58   43.06  346.83    2.88
   1 283  14.326  147.30  -72.64    0.01   68.31    2.85   -3.63   43.04  346.83    2.85
   1 284  14.406  145.30  -73.42    0.01   67.76    2.82   -3.67   43.01  346.83    2.82
   1 285  14.487  143.30  -74.21    0.01   67.21    2.80   -3.72   42.99  346.83    2.80
   1 286  14.569  141.30  -75.01    0.01   66.67    2.77   -3.78   42.96  346.83    2.77
   1 287  14.651  139.30  -75.81    0.01   66.12    2.74   -3.83   42.94  346.83    2.74
   1 288  14.735  137.30  -76.62    0.01   65.57    2.71   -3.88   42.91  346.83    2.71
   1 289  14.819  135.30  -77.44    0.01   65.02    2.68   -3.93   42.88  346.83    2.68
   1 290  14.904  133.30  -78.27    0.01   64.47    2.66   -3.99   42.85  346.83    2.66
   1 291  14.990  131.30  -79.11    0.01   63.92    2.63   -4.05   42.82  346.83    2.63
   1 292  15.077  129.30  -79.96    0.00   63.36    2.60   -4.10   42.79  346.83    2.60
   1 293  15.165  127.30  -80.82    0.00   62.81    2.57   -4.16   42.76  346.83    2.57
   1 294  15.254  125.30  -81.69    0.00   62.25    2.54   -4.22   42.72  346.83    2.54
   1 295  15.344  123.30  -82.57    0.00   61.69    2.51   -4.28   42.69  346.83    2.51
   1 296  15.435  121.30  -83.45    0.00   61.13    2.48   -4.34   42.65  346.83    2.48
   1 297  15.528  119.30  -84.35    0.00   60.57    2.45   -4.40   42.61  346.83    2.45
   1 298  15.621  117.30  -85.26    0.00   60.01    2.42   -4.47   42.57  346.83    2.42
   1 299  15.715  115.30  -86.18    0.00   59.45    2.40   -4.53   42.53  346.83    2.40
   1 300  15.811  113.30  -87.12    0.00   58.88    2.37   -4.60   42.49  346.83    2.37
   1 301  15.908  111.30  -88.06    0.00   58.31    2.34   -4.67   42.45  346.83    2.34
   1 302  16.006  109.30  -89.02    0.00   57.74    2.31   -4.74   42.41  346.83    2.31
   1 303  16.105  107.30  -89.99    0.00   57.17    2.28   -4.81   42.36  346.83    2.28
   1 304  16.206  105.30  -90.97    0.00   56.60    2.25   -4.88   42.31  346.83    2.25
   1 305  16.308  103.30  -91.97    0.00   56.03    2.21   -4.96   42.26  346.83    2.21
   1 306  16.411  101.30  -92.98    0.00   55.45    2.18   -5.03   42.21  346.83    2.18
