filbert
Filesystem          Total    kbytes   kbytes   %     
node                kbytes   used     free     used  Mounted on
/dev/rz2a             19743   12424    5345    70%   /
/dev/rz2g            294518  253054   12013    95%   /usr
/dev/rz2d             29199    5862   20418    22%   /var
/dev/rz1g            945798  674178  177041    79%   /filbert
oak:/usr/local       945726  629635  221519    74%   /usr/local
oak:/user1           945727  796751   54404    94%   /user1
oak:/usr/tmp        1025542  434963  488025    47%   /usr/tmp
oak:/cms1           1025542  920707    2281   100%   /cms1
oak:/usr/spool/mail  543310  293057  195922    60%   /usr/spool/mail
DATE: 03/25/93
TIME: 13:39:16
total 32817
drwxr-xr-x  2 ljmill       1024 Mar 25 13:39 .
drwxr-xr-x 19 ljmill        512 Mar 25 11:24 ..
-rw-r--r--  1 ljmill     218048 Oct  6 15:29 aug1.dbz_uvw
-rw-r--r--  1 ljmill     702176 Oct  6 10:55 aug1int.bin
-rw-r--r--  1 ljmill    1776960 Mar 25 13:33 ced_examp.cgm
-rw-r--r--  1 ljmill       3117 Mar 25 13:38 ced_examp.dec
-rw-r--r--  1 ljmill      28577 Mar 25 13:33 ced_examp.out
-rw-r--r--  1 ljmill     195478 Mar  8 08:28 ced_gxy.3391
-rw-r--r--  1 ljmill       4311 Mar  8 08:28 ced_gxy.ymp
-rw-r--r--  1 ljmill        703 Mar 25 13:39 cedric.out
-rw-r--r--  1 ljmill    2640960 Mar  9 08:20 cp2_ag01.cgm
-rw-r--r--  1 ljmill   12793178 Mar  9 08:23 cp2_ag01.hdf
lrwxr-xr-x  1 ljmill         12 Mar 25 13:39 fort.11 -> aug1.dbz_uvw
-rw-r--r--  1 ljmill    2584800 Mar  8 19:04 gmeta.cp2_01ag1533
-rw-r--r--  1 ljmill    2928960 Oct 12 16:13 gmeta_aug1.adjuv.shav.a
-rw-r--r--  1 ljmill    2926080 Dec 21 12:20 gmeta_aug1.adjuv.shav.b
-rw-r--r--  1 ljmill    2927520 Dec 21 17:08 gmeta_aug1.adjuv.shav.c
-rw-r--r--  1 ljmill    3195360 Oct  2 12:20 gmeta_aug1.arbrn_syn3.15
-rw-r--r--  1 ljmill     530148 Mar 25 13:33 mon.out
1
 >>>>>READVOL 11.0    NEXT                    YES                                     <<<<<                                       
     RADAR: COMBIN     VOLUME: Z8011630     TIME: 163000

 CURRENT WINDOW LOOKS LIKE THIS:
                  INDICES                   DISTANCES
 AXIS  POSN.    MIN     MAX          MIN       MAX    UNITS
   X     1        1      41         60.00    100.00    KM  
   Y     2        1      41         10.00     50.00    KM  
   Z     3        1      16          1.00     16.00    KM  


 EDIT FILE SUMMARY ...
 

 MUDRAS (.MUD)  VOLUME HEADER               01AG1630
  GENERAL INFORMATION...
   DATE:       8/ 1/81     SOURCE:  UNKNOWN    SCIENTIST: LJMILL
   BEG TIME:  16:30: 0     RADAR:   COMBIN     SUBMITTER:       
   END TIME:  16:30: 0     PROGRAM: CEDR.B     DATE RUN:  10/06/92
   VOL. NAME: Z8011630     PROJECT: CART       TIME RUN:  15:30:34
   COORD SYS: CRT          TAPE:    01AG16     SEQUENCE:  01AG16

  DATA CHARACTERISTICS...
   COMPUTER:      WK     RECS/FIELD:      1     PTS/FIELD:    1681
   BITS/DATUM:    16     RECS/PLANE:      4     NO. PLANES:     16
   BLOCK SIZE:  3200     RECS/VOLUME:    81     BAD DATA:   -32768
   WORDS/PLANE:  841     WORDS/FIELD: 13456     MAX FIELDS:     25

  FIELDS PRESENT:  4 ...
    NO.   NAME       SCALE FACTOR
      1   DBZE            64
      2   UMOD            64
      3   VMOD            64
      4   WMOD           100

  LANDMARKS PRESENT:  3     ( 2 RADAR) ...
    NO.   NAME      X (KM)    Y (KM)    Z (KM)
      1   ORIGIN      0.00      0.00     0.000
      2   CP-2        0.00      0.00     0.788
      3   CHIL       26.54     52.20     0.815

  ORIGIN  LATITUDE:      46 DEG    25 MIN    55.60 SEC
         LONGITUDE:     105 DEG    56 MIN    10.50 SEC

  CARTESIAN COORDINATE SYSTEM SPECIFICATIONS...
   AXIS           MINIMUM         MAXIMUM          DELTA        NO. OF PTS.
     X           60.00 KM        100.00 KM         1.00 KM       41
     Y           10.00 KM         50.00 KM         1.00 KM       41
     Z            1.00 KM         16.00 KM         1.00 KM       16

   AXIS ORDER IS   X  Y  Z  
   ANGLE OF THE X-AXIS RELATIVE TO NORTH:     90.00    DEG.
   (X,Y)  AXIS ARE SPECIFIED RELATIVE TO:  (   0.00,   0.00)
 >>>>>RENAME  UMOD    AS      U                                                       <<<<<                                       
 UMOD     WILL BE RENAMED U       

  4 EDIT FIELDS EXIST AT PRESENT:
      DBZE     U        VMOD     WMOD    
 >>>>>RENAME  VMOD    AS      V                                                       <<<<<                                       
 VMOD     WILL BE RENAMED V       

  4 EDIT FIELDS EXIST AT PRESENT:
      DBZE     U        V        WMOD    
 >>>>>RENAME  WMOD    AS      W                                                       <<<<<                                       
 WMOD     WILL BE RENAMED W       

  4 EDIT FIELDS EXIST AT PRESENT:
      DBZE     U        V        W       
 >>>>>CONVERGECON3    U       V       3.0                                             <<<<<                                       
     CON3     WILL BE CREATED AND SAVED AS A PERMANENT EDIT FIELD SCALED BY   100

   CONVERGENCE COMPUTATION-  PARAMETERS ...
        1-  U COMPONENT INPUT FIELD NAME: U       
        2-  V COMPONENT INPUT FIELD NAME: V       
        3- CONVERGENCE OUTPUT FIELD NAME: CON3    
        4-    (3 OR 5) POINT DERIVATIVES:    3
        5-      (CART. OR COPLANE) SPACE: CARTESIAN

  5 EDIT FIELDS EXIST AT PRESENT:
      DBZE     U        V        W        CON3    
 >>>>>CONVERGECON5    U       V       5.0                                             <<<<<                                       
     CON5     WILL BE CREATED AND SAVED AS A PERMANENT EDIT FIELD SCALED BY   100

   CONVERGENCE COMPUTATION-  PARAMETERS ...
        1-  U COMPONENT INPUT FIELD NAME: U       
        2-  V COMPONENT INPUT FIELD NAME: V       
        3- CONVERGENCE OUTPUT FIELD NAME: CON5    
        4-    (3 OR 5) POINT DERIVATIVES:    5
        5-      (CART. OR COPLANE) SPACE: CARTESIAN

  6 EDIT FIELDS EXIST AT PRESENT:
      DBZE     U        V        W        CON3     CON5    
 >>>>>STATS   PRINT   Z       1.0     ALL                                     FULL    <<<<<                                       

 AXIS CONFIGURATION:                 +
                                   Y +
                       Z (FIXED)     +++
                                      X


        STATISTICS ARE FROM (  1 TO  41)   (  60.00 TO  100.00 KM  ) ALONG I
                            (  1 TO  41)   (  10.00 TO   50.00 KM  ) ALONG J
                            (  1 TO  16)   (   1.00 TO   16.00 KM  ) ALONG K



 DBZE     Z  KM       MEAN    STDV      N   I1  I2  J1  J2       MIN    MAX
            1.00     14.50   17.84   1627    1  41   1  40      -6.5   64.4
            2.00     14.96   17.52   1627    1  41   1  40      -4.7   60.7
            3.00     14.61   17.70   1627    1  41   1  40      -5.9   64.4
            4.00     13.27   17.58   1626    1  41   1  40      -7.6   64.5
            5.00     12.40   18.13   1624    1  41   1  40      -9.1   66.0
            6.00     12.38   18.46   1625    1  41   1  40      -9.5   64.0
            7.00     12.65   18.17   1626    1  41   1  40      -9.0   61.5
            8.00     13.11   17.37   1631    1  41   1  40     -10.2   58.5
            9.00     14.58   15.77   1628    1  41   1  40      -9.4   58.0
           10.00     16.43   13.36   1628    1  41   1  40      -9.3   55.6
           11.00     15.74   11.43   1628    1  41   1  40      -9.5   51.2
           12.00      9.11   10.00   1628    1  41   1  40      -9.4   45.3
           13.00      1.10    7.86   1628    1  41   1  40      -9.3   33.4
           14.00     -3.23    4.97   1628    1  41   1  40      -9.2   22.3
           15.00     -5.97    3.29   1628    1  41   1  40     -15.2   12.0
           16.00    -10.00    0.00   1681    1  41   1  41     -10.0  -10.0
          VOLUME      9.06   16.59  26090    1  41   1  41     -15.2   66.0

 U        Z  KM       MEAN    STDV      N   I1  I2  J1  J2       MIN    MAX
            1.00    -12.62    1.24   1681    1  41   1  41     -16.1   -8.2
            2.00    -11.99    2.00   1681    1  41   1  41     -18.6   -5.7
            3.00     -6.47    2.00   1681    1  41   1  41     -15.8   -0.9
            4.00     -0.12    3.24   1681    1  41   1  41     -13.0   13.6
            5.00      6.71    4.58   1681    1  41   1  41     -11.5   24.3
            6.00     12.07    5.28   1681    1  41   1  41     -10.1   30.1
            7.00     15.44    5.68   1681    1  41   1  41      -9.4   31.2
            8.00     16.97    5.94   1681    1  41   1  41      -8.5   30.1
            9.00     17.05    5.93   1681    1  41   1  41      -6.5   27.6
           10.00     16.74    5.90   1681    1  41   1  41      -3.1   25.8
           11.00     16.70    8.11   1681    1  41   1  41      -8.3   27.9
           12.00     17.29    9.89   1681    1  41   1  41     -12.0   37.5
           13.00     16.23    7.05   1681    1  41   1  41     -10.7   29.3
           14.00     16.22    5.16   1681    1  41   1  41      -6.8   29.0
           15.00     17.27    2.86   1681    1  41   1  41       4.5   24.3
           16.00     18.31    0.16   1681    1  41   1  41      11.5   18.3
          VOLUME      9.74   12.01  26896    1  41   1  41     -18.6   37.5

 V        Z  KM       MEAN    STDV      N   I1  I2  J1  J2       MIN    MAX
            1.00      6.78    1.70   1681    1  41   1  41       1.0   12.5
            2.00      8.65    2.07   1681    1  41   1  41       0.2   19.3
            3.00      6.14    2.27   1681    1  41   1  41       0.7   15.3
            4.00      5.68    2.37   1681    1  41   1  41      -0.9   17.7
            5.00      5.66    2.60   1681    1  41   1  41      -3.2   19.5
            6.00      5.34    2.86   1681    1  41   1  41      -3.5   20.3
            7.00      4.56    2.89   1681    1  41   1  41      -4.2   15.6
            8.00      3.02    2.82   1681    1  41   1  41     -10.7   15.2
            9.00      1.15    3.19   1681    1  41   1  41     -11.1   15.9
           10.00     -0.04    4.46   1681    1  41   1  41     -13.6   15.6
           11.00      1.06    6.70   1681    1  41   1  41     -21.9   17.2
           12.00      0.99    7.92   1681    1  41   1  41     -25.7   20.8
           13.00      0.81    6.84   1681    1  41   1  41     -25.0   19.4
           14.00      1.50    5.17   1681    1  41   1  41     -21.5   20.3
           15.00      1.36    2.85   1681    1  41   1  41     -11.1   12.3
           16.00      1.22    0.13   1681    1  41   1  41       1.2    6.7
          VOLUME      3.37    4.86  26896    1  41   1  41     -25.7   20.8

 W        Z  KM       MEAN    STDV      N   I1  I2  J1  J2       MIN    MAX
            1.00      0.05    0.33   1681    1  41   1  41      -1.2    2.0
            2.00      0.23    1.14   1681    1  41   1  41      -2.7    7.5
            3.00      0.35    1.99   1681    1  41   1  41      -5.0   12.4
            4.00      0.49    2.77   1681    1  41   1  41      -5.4   17.7
            5.00      0.64    3.50   1681    1  41   1  41      -5.8   24.2
            6.00      0.81    4.10   1681    1  41   1  41      -5.9   30.4
            7.00      0.97    4.55   1681    1  41   1  41      -6.3   35.5
            8.00      1.07    4.98   1681    1  41   1  41      -6.8   40.0
            9.00      1.08    5.45   1681    1  41   1  41      -7.9   44.3
           10.00      0.99    5.80   1681    1  41   1  41      -8.4   47.1
           11.00      0.71    5.71   1681    1  41   1  41      -8.0   46.1
           12.00      0.33    4.82   1681    1  41   1  41      -5.9   38.8
           13.00      0.08    3.32   1681    1  41   1  41      -6.0   26.3
           14.00     -0.02    1.72   1681    1  41   1  41      -3.8   13.7
           15.00     -0.04    0.46   1681    1  41   1  41      -1.1    3.8
           16.00     -0.02    0.06   1681    1  41   1  41      -0.4    0.2
          VOLUME      0.48    3.74  26896    1  41   1  41      -8.4   47.1

 CON3     Z  KM       MEAN    STDV      N   I1  I2  J1  J2       MIN    MAX
            1.00      0.05    0.50   1681    1  41   1  41      -1.9    2.5
            2.00     -0.11    0.87   1681    1  41   1  41      -4.5    3.6
            3.00     -0.10    0.79   1681    1  41   1  41      -3.5    3.8
            4.00     -0.10    0.94   1681    1  41   1  41      -5.9    4.8
            5.00     -0.06    1.05   1681    1  41   1  41      -7.8    5.4
            6.00     -0.07    1.06   1681    1  41   1  41      -6.4    3.7
            7.00     -0.05    1.13   1681    1  41   1  41      -5.5    4.4
            8.00     -0.08    1.10   1681    1  41   1  41      -5.7    6.3
            9.00     -0.15    1.15   1681    1  41   1  41      -5.4   14.2
           10.00     -0.33    1.28   1681    1  41   1  41      -5.9   25.7
           11.00     -0.52    1.82   1681    1  41   1  41      -9.6   34.1
           12.00     -0.46    2.82   1681    1  41   1  41     -15.4   51.7
           13.00     -0.22    2.67   1681    1  41   1  41     -17.2   40.7
           14.00     -0.05    2.26   1681    1  41   1  41     -14.4   24.2
           15.00     -0.03    1.23   1681    1  41   1  41      -8.0    9.5
           16.00      0.00    0.12   1681    1  41   1  41      -3.4    2.8
          VOLUME     -0.14    1.49  26896    1  41   1  41     -17.2   51.7

 CON5     Z  KM       MEAN    STDV      N   I1  I2  J1  J2       MIN    MAX
            1.00      0.06    0.66   1681    1  41   1  41      -2.6    5.4
            2.00     -0.10    1.01   1681    1  41   1  41      -5.1    5.6
            3.00     -0.11    0.89   1681    1  41   1  41      -3.8    4.5
            4.00     -0.10    1.08   1681    1  41   1  41      -6.5    5.3
            5.00     -0.03    1.29   1681    1  41   1  41      -8.6    8.7
            6.00     -0.07    1.41   1681    1  41   1  41     -13.1    6.8
            7.00     -0.04    1.49   1681    1  41   1  41     -11.4    8.2
            8.00     -0.05    1.46   1681    1  41   1  41      -6.2   10.7
            9.00     -0.12    1.55   1681    1  41   1  41      -5.7   24.2
           10.00     -0.33    1.53   1681    1  41   1  41      -6.5   36.3
           11.00     -0.50    2.16   1681    1  41   1  41     -10.2   47.3
           12.00     -0.46    3.54   1681    1  41   1  41     -25.9   71.6
           13.00     -0.20    3.54   1681    1  41   1  41     -28.6   56.3
           14.00      0.00    3.05   1681    1  41   1  41     -18.9   34.0
           15.00     -0.01    1.68   1681    1  41   1  41     -10.9   13.4
           16.00      0.00    0.09   1681    1  41   1  41      -2.6    1.4
          VOLUME     -0.13    1.91  26896    1  41   1  41     -28.6   71.6
 >>>>>REGRESS PRINT   Z       1.0     BOTH    CON3    CON5                    FULL    <<<<<                                       

 AXIS CONFIGURATION:                 +
                                   Y +
                       Z (FIXED)     +++
                                      X


         REGRESSION IS FROM (  1 TO  41)   (  60.00 TO  100.00 KM  ) ALONG I
                            (  1 TO  41)   (  10.00 TO   50.00 KM  ) ALONG J
                            (  1 TO  16)   (   1.00 TO   16.00 KM  ) ALONG K


  Z  KM             CON3    -IND     CON5    -DEP     LINEAR RELATIONSHIP
              N     MEAN    STDV     MEAN    STDV  CORR  STDERR      C0      C1
    1.00   1681     0.05    0.50     0.06    0.66 0.920    0.26   0.003   1.226
    2.00   1681    -0.11    0.87    -0.10    1.01 0.973    0.23   0.017   1.126
    3.00   1681    -0.10    0.79    -0.11    0.89 0.979    0.18   0.002   1.096
    4.00   1681    -0.10    0.94    -0.10    1.08 0.969    0.27   0.009   1.107
    5.00   1681    -0.06    1.05    -0.03    1.29 0.939    0.44   0.032   1.155
    6.00   1681    -0.07    1.06    -0.07    1.41 0.935    0.50   0.014   1.239
    7.00   1681    -0.05    1.13    -0.04    1.49 0.941    0.50   0.021   1.236
    8.00   1681    -0.08    1.10    -0.05    1.46 0.941    0.49   0.046   1.244
    9.00   1681    -0.15    1.15    -0.12    1.55 0.953    0.47   0.074   1.290
   10.00   1681    -0.33    1.28    -0.33    1.53 0.980    0.30   0.057   1.174
   11.00   1681    -0.52    1.82    -0.50    2.16 0.971    0.52   0.098   1.154
   12.00   1681    -0.46    2.82    -0.46    3.54 0.960    0.99   0.084   1.206
   13.00   1681    -0.22    2.67    -0.20    3.54 0.947    1.13   0.075   1.259
   14.00   1681    -0.05    2.26     0.00    3.05 0.939    1.05   0.063   1.270
   15.00   1681    -0.03    1.23    -0.01    1.68 0.934    0.60   0.035   1.272
   16.00   1681     0.00    0.12     0.00    0.09 0.873    0.04  -0.001   0.643
  VOLUME  26896    -0.14    1.49    -0.13    1.91 0.951    0.59   0.043   1.219
 >>>>>REGRESS PRINT   Z       1.0     BOTH    W       DBZE                    FULL    <<<<<                                       

 AXIS CONFIGURATION:                 +
                                   Y +
                       Z (FIXED)     +++
                                      X


         REGRESSION IS FROM (  1 TO  41)   (  60.00 TO  100.00 KM  ) ALONG I
                            (  1 TO  41)   (  10.00 TO   50.00 KM  ) ALONG J
                            (  1 TO  16)   (   1.00 TO   16.00 KM  ) ALONG K


  Z  KM             W       -IND     DBZE    -DEP     LINEAR RELATIONSHIP
              N     MEAN    STDV     MEAN    STDV  CORR  STDERR      C0      C1
    1.00   1627     0.06    0.34    14.50   17.84 0.376   16.53  13.413  19.773
    2.00   1627     0.24    1.16    14.96   17.52 0.299   16.71  13.873   4.513
    3.00   1627     0.37    2.02    14.61   17.70 0.303   16.87  13.634   2.661
    4.00   1626     0.51    2.81    13.27   17.58 0.355   16.43  12.142   2.221
    5.00   1624     0.67    3.56    12.40   18.13 0.406   16.57  11.023   2.068
    6.00   1625     0.84    4.17    12.38   18.46 0.447   16.51  10.706   1.983
    7.00   1626     1.02    4.62    12.65   18.17 0.490   15.84  10.685   1.926
    8.00   1631     1.12    5.05    13.11   17.37 0.512   14.92  11.131   1.764
    9.00   1628     1.13    5.53    14.58   15.77 0.521   13.46  12.899   1.488
   10.00   1628     1.04    5.89    16.43   13.36 0.535   11.29  15.168   1.214
   11.00   1628     0.75    5.80    15.74   11.43 0.536    9.65  14.953   1.057
   12.00   1628     0.35    4.89     9.11   10.00 0.594    8.05   8.686   1.215
   13.00   1628     0.10    3.38     1.10    7.86 0.688    5.71   0.943   1.601
   14.00   1628    -0.01    1.75    -3.23    4.97 0.748    3.30  -3.208   2.123
   15.00   1628    -0.04    0.47    -5.97    3.29 0.579    2.69  -5.823   4.073
   16.00   1681    -0.02    0.06   -10.00    0.00 0.000    0.00 -10.000   0.000
  VOLUME  26090     0.51    3.79     9.06   16.59 0.396   15.24   8.184   1.732
 >>>>>VALUE   SET     IX*IY*IZto      02*02*02                                        <<<<<                                       
 >>>>>VALUE   ON                                                                      <<<<<                                       
 >>>>>WINDOW  DISTANCE60.0    100.0   10.0    50.0    3.0     13.0                    <<<<<                                       

 CURRENT WINDOW LOOKS LIKE THIS:
                  INDICES                   DISTANCES
 AXIS  POSN.    MIN     MAX          MIN       MAX    UNITS
   X     1        1      41         60.00    100.00    KM  
   Y     2        1      41         10.00     50.00    KM  
   Z     3        3      13          3.00     13.00    KM  
 >>>>>GRAPHICS02*02*02Z       1.0     REFLECTIVITY AND CARTESIAN WINDS        WINDOW  <<<<<                                       

     SKIPPING FACTORS APPLIED TO GRID FOR GRAPHICS...
     IN X-DIRECTION: 2
     IN Y-DIRECTION: 2
     IN Z-DIRECTION: 2


 AXIS CONFIGURATION:                 +
                                   Y +
                       Z (FIXED)     +++
                                      X

 >>>>>        SCATTER CON3    -10.0   10.0    CON5    -10.0   10.0    1.0     XRED    <<<<<                                       
 >>>>>END                                                                             <<<<<                                       

  1 SCATTER PLOTS DEFINED,  1 PLOTS GENERATED
  0 VECTOR  PLOTS DEFINED,  0 PLOTS GENERATED
  0 CONTOUR PLOTS DEFINED,  0 PLOTS GENERATED
  0 ALPHA   PLOTS DEFINED,  0 PLOTS GENERATED
  0 DIGITAL PLOTS DEFINED,  0 PLOTS GENERATED
  0 OVERLAY PLOTS DEFINED,  0 PLOTS GENERATED

 >>>>>VALUE   OFF                                                                     <<<<<                                       
 >>>>>VALUE   SET     IX*IY*IZto      01*01*02                                        <<<<<                                       
 >>>>>VALUE   ON                                                                      <<<<<                                       
 >>>>>GRAPHICS01*01*02Z       1.0     REFLECTIVITY AND CARTESIAN WINDS        WINDOW  <<<<<                                       

     SKIPPING FACTORS APPLIED TO GRID FOR GRAPHICS...
     IN X-DIRECTION: 1
     IN Y-DIRECTION: 1
     IN Z-DIRECTION: 2


 AXIS CONFIGURATION:                 +
                                   Y +
                       Z (FIXED)     +++
                                      X

 >>>>>        VECTOR DU       V       STREAM  3.0                                     <<<<<                                       
      ...PLOT WILL BE DEFINED BUT NOT GENERATED.
 >>>>>        CONTOUR DBZE    CFALL   00110010        UNI     -5.0    75.0    5.0     <<<<<                                       
 >>>>>        CONTOUR W       CFALL   00011010        UNI     5.0     50.0    5.0     <<<<<                                       
 >>>>>END                                                                             <<<<<                                       

  0 SCATTER PLOTS DEFINED,  0 PLOTS GENERATED
  1 VECTOR  PLOTS DEFINED,  0 PLOTS GENERATED
  2 CONTOUR PLOTS DEFINED,  2 PLOTS GENERATED
  0 ALPHA   PLOTS DEFINED,  0 PLOTS GENERATED
  0 DIGITAL PLOTS DEFINED,  0 PLOTS GENERATED
  0 OVERLAY PLOTS DEFINED,  0 PLOTS GENERATED

 >>>>>GRAPHICS01*01*02Z       1.0     REFLECTIVITY AND CARTESIAN WINDS        WINDOW  <<<<<                                       

     SKIPPING FACTORS APPLIED TO GRID FOR GRAPHICS...
     IN X-DIRECTION: 1
     IN Y-DIRECTION: 1
     IN Z-DIRECTION: 2


 AXIS CONFIGURATION:                 +
                                   Y +
                       Z (FIXED)     +++
                                      X

 >>>>>        VECTOR DU       V       ARROW   2.0     10.0    1.0     PRO     RED     <<<<<                                       
      ...PLOT WILL BE DEFINED BUT NOT GENERATED.
 >>>>>        CONTOUR DBZE    CFALL   00110010        UNI     -5.0    75.0    5.0     <<<<<                                       
 >>>>>        CONTOUR W       CFALL   00011010        UNI     -12.5   52.5    5.0     <<<<<                                       
 >>>>>END                                                                             <<<<<                                       

  0 SCATTER PLOTS DEFINED,  0 PLOTS GENERATED
  1 VECTOR  PLOTS DEFINED,  0 PLOTS GENERATED
  2 CONTOUR PLOTS DEFINED,  2 PLOTS GENERATED
  0 ALPHA   PLOTS DEFINED,  0 PLOTS GENERATED
  0 DIGITAL PLOTS DEFINED,  0 PLOTS GENERATED
  0 OVERLAY PLOTS DEFINED,  0 PLOTS GENERATED

 >>>>>GRAPHICS01*01*02Z       1.0     REFLECTIVITY AND CARTESIAN WINDS        WINDOW  <<<<<                                       

     SKIPPING FACTORS APPLIED TO GRID FOR GRAPHICS...
     IN X-DIRECTION: 1
     IN Y-DIRECTION: 1
     IN Z-DIRECTION: 2


 AXIS CONFIGURATION:                 +
                                   Y +
                       Z (FIXED)     +++
                                      X

 >>>>>        VECTOR DU       V       ARROW   2.0     10.0    1.0     PRO             <<<<<                                       
      ...PLOT WILL BE DEFINED BUT NOT GENERATED.
 >>>>>        CONTOURDDBZE    CONT    00110010        UNI     5.0     75.0    5.0     <<<<<                                       
      ...PLOT WILL BE DEFINED BUT NOT GENERATED.
 >>>>>        CONTOURDW       FALL    00011010        UNI     5.0     50.0    5.0     <<<<<                                       
      ...PLOT WILL BE DEFINED BUT NOT GENERATED.
 >>>>>        OVERLAY W       DBZE    CONTOUR M       N               WHITE           <<<<<                                       
 >>>>>END                                                                             <<<<<                                       

  0 SCATTER PLOTS DEFINED,  0 PLOTS GENERATED
  1 VECTOR  PLOTS DEFINED,  0 PLOTS GENERATED
  2 CONTOUR PLOTS DEFINED,  0 PLOTS GENERATED
  0 ALPHA   PLOTS DEFINED,  0 PLOTS GENERATED
  0 DIGITAL PLOTS DEFINED,  0 PLOTS GENERATED
  1 OVERLAY PLOTS DEFINED,  1 PLOTS GENERATED

 >>>>>VALUE   OFF                                                                     <<<<<                                       
 >>>>>WINDOW  DISTANCE60.0    100.0   10.0    50.0    8.0     8.0                     <<<<<                                       

 CURRENT WINDOW LOOKS LIKE THIS:
                  INDICES                   DISTANCES
 AXIS  POSN.    MIN     MAX          MIN       MAX    UNITS
   X     1        1      41         60.00    100.00    KM  
   Y     2        1      41         10.00     50.00    KM  
   Z     3        8       8          8.00      8.00    KM  
 >>>>>SURFACE MICRO   1.0     XY      5.0     -4.0    3.0     FULL            WINDOW  <<<<<                                       

 AXIS CONFIGURATION:                 +
                                   Y +
                       Z (FIXED)     +++
                                      X

 >>>>>        DBZE    -5.0    75.0    20.0                                            <<<<<                                       
 >>>>>        W       5.0     50.0    10.0                                            <<<<<                                       
 >>>>>END                                                                             <<<<<                                       
 >>>>>THREED  MICRO   XYZ     1.0     1.0     1.0     5.0     -5.0    20.0            <<<<<                                       
 >>>>>        DBZE    25.0    ABOVE                                                   <<<<<                                       
 >>>>>        W       10.0    ABOVE                                                   <<<<<                                       
 >>>>>END                                                                             <<<<<                                       
 >>>>>QUIT                                                                            <<<<<                                       


          ---  NORMAL TERMINATION  ---


1
total 32774
drwxr-xr-x  2 ljmill       1024 Mar 25 13:40 .
drwxr-xr-x 19 ljmill        512 Mar 25 11:24 ..
-rw-r--r--  1 ljmill     218048 Oct  6 15:29 aug1.dbz_uvw
-rw-r--r--  1 ljmill     702176 Oct  6 10:55 aug1int.bin
-rw-r--r--  1 ljmill    1735200 Mar 25 13:40 ced_examp.cgm
-rw-r--r--  1 ljmill       3117 Mar 25 13:38 ced_examp.dec
-rw-r--r--  1 ljmill      26928 Mar 25 13:40 ced_examp.out
-rw-r--r--  1 ljmill     195478 Mar  8 08:28 ced_gxy.3391
-rw-r--r--  1 ljmill       4311 Mar  8 08:28 ced_gxy.ymp
-rw-r--r--  1 ljmill    2640960 Mar  9 08:20 cp2_ag01.cgm
-rw-r--r--  1 ljmill   12793178 Mar  9 08:23 cp2_ag01.hdf
-rw-r--r--  1 ljmill    2584800 Mar  8 19:04 gmeta.cp2_01ag1533
-rw-r--r--  1 ljmill    2928960 Oct 12 16:13 gmeta_aug1.adjuv.shav.a
-rw-r--r--  1 ljmill    2926080 Dec 21 12:20 gmeta_aug1.adjuv.shav.b
-rw-r--r--  1 ljmill    2927520 Dec 21 17:08 gmeta_aug1.adjuv.shav.c
-rw-r--r--  1 ljmill    3195360 Oct  2 12:20 gmeta_aug1.arbrn_syn3.15
-rw-r--r--  1 ljmill     530148 Mar 25 13:40 mon.out
Filesystem          Total    kbytes   kbytes   %     
node                kbytes   used     free     used  Mounted on
/dev/rz2a             19743   12424    5345    70%   /
/dev/rz2g            294518  253054   12013    95%   /usr
/dev/rz2d             29199    5862   20418    22%   /var
/dev/rz1g            945798  674137  177082    79%   /filbert
oak:/usr/local       945726  629635  221519    74%   /usr/local
oak:/user1           945727  796727   54428    94%   /user1
oak:/usr/tmp        1025542  434963  488025    47%   /usr/tmp
oak:/cms1           1025542  920707    2281   100%   /cms1
oak:/usr/spool/mail  543310  293066  195913    60%   /usr/spool/mail
DATE: 03/25/93
TIME: 13:40:38
58.6u 5.0s 1:22 77% 1704+2375k 70+484io 35pf+0w
