CHANGE.f:      CHARACTER*(*) KRD(10)
COMCHK.f:      CHARACTER*(*) KRD(10)
COMMNT.f:      CHARACTER*(*) KRD(10)
CONCHAR.f:      CHARACTER*(*) STR1(NPLANE), STR2
COORD.f:      CHARACTER*(*) KRD(10)
COPCX.f:      CHARACTER*(*) CI(1),CO(1)
CREATE.f:      CHARACTER*(*) KRD(10)
CROSS.f:      CHARACTER*(*) KRD(10)
DEFINE.f:      CHARACTER*(*) KRD(10)
DIGITP.f:      CHARACTER*(*) KRD(10)
DSP3D.f:      CHARACTER*(*) KRD(10)
DSPCOD.f:      CHARACTER*(*) KRD(10)
DSPSRF.f:      CHARACTER*(*) KRD(10)
EXPAND.f:      CHARACTER*(*) KRD(10)
FILTER.f:      CHARACTER*(*) KRD(10)
FIXIDS.f:      CHARACTER*(*) KRD(10)
FLDNAMOUT.f:      CHARACTER*(*) TYPE,STRING
FLDSET.f:      CHARACTER*(*) NAMIN,NAMF2(4,NFMAX)
FUNCTN.f:      CHARACTER*(*) KRD(10)
GETLEN.f:      CHARACTER *(*) STRING
IFINDC.f:      CHARACTER*(*) ICON, ISEAR(N)
INTGRT.f:      CHARACTER*(*) KRD(10)
KARDIN.f:      CHARACTER*(*) KRD(10)
LAPDRV.f:      CHARACTER*(*) KRD(10)
LOCATE.f:      CHARACTER*(*) LST(LEN),NAM
LOCFLD.f:      CHARACTER*(*) IFLD(LOOK), LTAB(N1,N2)
LOCFLDID.f:      CHARACTER*(*) IFLD(LOOK)
MS2DRV.f:      CHARACTER*(*) KRD(10)
PATCHR.f:      CHARACTER*(*) KRD(10)
PLTDRV.f:      CHARACTER*(*) KRD(10)
RDKARD.f:      CHARACTER*(*) KRD(10)
READVL.f:      CHARACTER*(*) KRD(10)
REGRES.f:      CHARACTER*(*) KRD(10)
REMAP.f:      CHARACTER*(*) KRD(10)
RLXDRV.f:      CHARACTER*(*) KRD(10)
SAMPLR.f:      CHARACTER*(*) KRD(10)
SETBAD.f:      CHARACTER*(*) KRD(10)
SETCNT.f:      CHARACTER*(*) KRD(10)
SETDCD.f:      CHARACTER*(*) KRD(10)
SETER.f:      CHARACTER*(*) MESSG
SHFTER.f:      CHARACTER*(*) KRD(10)
STATS.f:      CHARACTER*(*) KRD(10)
STPDRV.f:      CHARACTER*(*) KRD(10)
SYNDRV.f:      CHARACTER*(*) KRD(10)
UNFOLD.f:      CHARACTER*(*) KRD(10)
VALUE.f:      CHARACTER*(*) KRD(10)
WINDFD.f:      CHARACTER*(*) KRD(10)
WRITVL.f:      CHARACTER*(*) KRD(10)
